<?xml version="1.0" encoding="UTF-8"?>
<!-- Generated by org.testng.reporters.JUnitXMLReporter -->
<testsuite hostname="Mark-HP" ignored="0" name="Test" tests="3" failures="0" timestamp="06 Feb 2018 19:58:09 GMT" time="0.138" errors="0">
  <testcase name="@BeforeMethod setupTest" time="0.0" classname="example2.TestBase">
    <failure type="org.testng.TestNGException" message="
Parameter &amp;apos;browser&amp;apos; is required by BeforeMethod on method setupTest but has not been marked @Optional or defined
in C:\Users\Administrator\workspaceNeon\WebdriverTest\testng.xml">
      <![CDATA[org.testng.TestNGException: 
Parameter 'browser' is required by BeforeMethod on method setupTest but has not been marked @Optional or defined
in C:\Users\Administrator\workspaceNeon\WebdriverTest\testng.xml
at java.util.concurrent.ThreadPoolExecutor.runWorker(ThreadPoolExecutor.java:1142)
at java.util.concurrent.ThreadPoolExecutor$Worker.run(ThreadPoolExecutor.java:617)
at java.lang.Thread.run(Thread.java:745)
... Removed 10 stack frames]]>
    </failure>
  </testcase> <!-- @BeforeMethod setupTest -->
  <testcase name="@BeforeMethod setupTest" time="0.0" classname="example2.TestBase">
    <failure type="org.testng.TestNGException" message="
Parameter &amp;apos;browser&amp;apos; is required by BeforeMethod on method setupTest but has not been marked @Optional or defined
in C:\Users\Administrator\workspaceNeon\WebdriverTest\testng.xml">
      <![CDATA[org.testng.TestNGException: 
Parameter 'browser' is required by BeforeMethod on method setupTest but has not been marked @Optional or defined
in C:\Users\Administrator\workspaceNeon\WebdriverTest\testng.xml
at java.util.concurrent.ThreadPoolExecutor.runWorker(ThreadPoolExecutor.java:1142)
at java.util.concurrent.ThreadPoolExecutor$Worker.run(ThreadPoolExecutor.java:617)
at java.lang.Thread.run(Thread.java:745)
... Removed 10 stack frames]]>
    </failure>
  </testcase> <!-- @BeforeMethod setupTest -->
  <testcase name="@AfterMethod tearDown" time="0.0" classname="example2.TestBase">
    <skipped/>
  </testcase> <!-- @AfterMethod tearDown -->
  <testcase name="@AfterMethod tearDown" time="0.0" classname="example2.TestBase">
    <skipped/>
  </testcase> <!-- @AfterMethod tearDown -->
  <testcase name="@BeforeMethod setupTest" time="0.0" classname="example2.TestBase">
    <skipped/>
  </testcase> <!-- @BeforeMethod setupTest -->
  <testcase name="@AfterMethod tearDown" time="0.0" classname="example2.TestBase">
    <skipped/>
  </testcase> <!-- @AfterMethod tearDown -->
  <testcase name="@AfterClass terminate" time="0.0" classname="example2.TestBase">
    <skipped/>
  </testcase> <!-- @AfterClass terminate -->
  <testcase name="GOOGLE1" time="0.0" classname="example2.FirstTest">
    <skipped/>
  </testcase> <!-- GOOGLE1 -->
  <testcase name="GOOGLE2" time="0.0" classname="example2.FirstTest">
    <skipped/>
  </testcase> <!-- GOOGLE2 -->
  <testcase name="GOOGLE3" time="0.0" classname="example2.FirstTest">
    <skipped/>
  </testcase> <!-- GOOGLE3 -->
</testsuite> <!-- Test -->
