<?xml version="1.0" encoding="UTF-8"?>
<!-- Generated by org.testng.reporters.JUnitXMLReporter -->
<testsuite hostname="Mark-HP" ignored="0" name="Testing Parallel" tests="1" failures="1" timestamp="07 Feb 2018 18:15:17 GMT" time="21.19" errors="0">
  <testcase name="TestCase35" time="15.321" classname="Javalicious.TestConversion">
    <failure type="java.lang.AssertionError" message="expected [4.375%] but found [4.250%]">
      <![CDATA[java.lang.AssertionError: expected [4.375%] but found [4.250%]
	at Javalicious.TestConversion.TestCase35(TestConversion.java:144)
... Removed 31 stack frames]]>
    </failure>
  </testcase> <!-- TestCase35 -->
</testsuite> <!-- Testing Parallel -->
